<?xml version="1.0" encoding="UTF-8"?>
<testng-results skipped="0" failed="0" ignored="0" total="2" passed="2">
  <reporter-output>
  </reporter-output>
  <suite name="Default suite" duration-ms="33" started-at="2021-03-16T18:56:31Z" finished-at="2021-03-16T18:56:31Z">
    <groups>
    </groups>
    <test name="Default test" duration-ms="33" started-at="2021-03-16T18:56:31Z" finished-at="2021-03-16T18:56:31Z">
      <class name="qaclickacademy.MVNJava.RESTAPI">
        <test-method status="PASS" signature="deleteTwitter()[pri:0, instance:qaclickacademy.MVNJava.RESTAPI@4f7d0008]" name="deleteTwitter" duration-ms="7" started-at="2021-03-16T18:56:31Z" finished-at="2021-03-16T18:56:31Z">
          <reporter-output>
          </reporter-output>
        </test-method> <!-- deleteTwitter -->
        <test-method status="PASS" signature="postJira()[pri:0, instance:qaclickacademy.MVNJava.RESTAPI@4f7d0008]" name="postJira" duration-ms="2" started-at="2021-03-16T18:56:31Z" finished-at="2021-03-16T18:56:31Z">
          <reporter-output>
          </reporter-output>
        </test-method> <!-- postJira -->
      </class> <!-- qaclickacademy.MVNJava.RESTAPI -->
    </test> <!-- Default test -->
  </suite> <!-- Default suite -->
</testng-results>
