<?xml version="1.0" encoding="UTF-8"?>
<!-- Generated by org.testng.reporters.JUnitXMLReporter -->
<testsuite hostname="LAPTOP-67GBDSQJ" ignored="0" name="Test" tests="4" failures="0" timestamp="16 Mar 2021 20:31:08 GMT" time="0.062" errors="0">
  <testcase name="deleteTwitter" time="0.012" classname="qaclickacademy.MVNJava.RESTAPITest"/>
  <testcase name="postJira" time="0.0" classname="qaclickacademy.MVNJava.RESTAPITest"/>
  <testcase name="BrowserAutomation" time="0.001" classname="qaclickacademy.MVNJava.SeleniumTest"/>
  <testcase name="elementsUi" time="0.001" classname="qaclickacademy.MVNJava.SeleniumTest"/>
</testsuite> <!-- Test -->
