<?xml version="1.0" encoding="UTF-8"?>
<testng-results skipped="0" failed="0" ignored="0" total="4" passed="4">
  <reporter-output>
  </reporter-output>
  <suite name="Suite" duration-ms="62" started-at="2021-03-16T20:31:08Z" finished-at="2021-03-16T20:31:08Z">
    <groups>
    </groups>
    <test name="Test" duration-ms="62" started-at="2021-03-16T20:31:08Z" finished-at="2021-03-16T20:31:08Z">
      <class name="qaclickacademy.MVNJava.RESTAPITest">
        <test-method status="PASS" signature="deleteTwitter()[pri:0, instance:qaclickacademy.MVNJava.RESTAPITest@100fc185]" name="deleteTwitter" duration-ms="12" started-at="2021-03-16T20:31:08Z" finished-at="2021-03-16T20:31:08Z">
          <reporter-output>
          </reporter-output>
        </test-method> <!-- deleteTwitter -->
        <test-method status="PASS" signature="postJira()[pri:0, instance:qaclickacademy.MVNJava.RESTAPITest@100fc185]" name="postJira" duration-ms="0" started-at="2021-03-16T20:31:08Z" finished-at="2021-03-16T20:31:08Z">
          <reporter-output>
          </reporter-output>
        </test-method> <!-- postJira -->
      </class> <!-- qaclickacademy.MVNJava.RESTAPITest -->
      <class name="qaclickacademy.MVNJava.SeleniumTest">
        <test-method status="PASS" signature="BrowserAutomation()[pri:0, instance:qaclickacademy.MVNJava.SeleniumTest@643b1d11]" name="BrowserAutomation" duration-ms="1" started-at="2021-03-16T20:31:08Z" finished-at="2021-03-16T20:31:08Z">
          <reporter-output>
          </reporter-output>
        </test-method> <!-- BrowserAutomation -->
        <test-method status="PASS" signature="elementsUi()[pri:0, instance:qaclickacademy.MVNJava.SeleniumTest@643b1d11]" name="elementsUi" duration-ms="1" started-at="2021-03-16T20:31:08Z" finished-at="2021-03-16T20:31:08Z">
          <reporter-output>
          </reporter-output>
        </test-method> <!-- elementsUi -->
      </class> <!-- qaclickacademy.MVNJava.SeleniumTest -->
    </test> <!-- Test -->
  </suite> <!-- Suite -->
</testng-results>
